<?xml version="1.0" encoding="UTF-8"?>
<testsuite name="io.houze.agent.web.training.Test_Training_01_Test_Create" tests="1" skipped="0" failures="0" errors="0" timestamp="2020-10-12T05:08:49" hostname="LAPTOP-RIANQ4LQ" time="3.863">
  <properties/>
  <testcase name="TC_01_Blank_Data[0](public void io.houze.agent.web.training.Test_Training_01_Test_Create.TC_01_Blank_Data(java.lang.reflect.Method))" classname="io.houze.agent.web.training.Test_Training_01_Test_Create" time="3.863"/>
  <system-out><![CDATA[---------- TC_01_Blank_Data STARTED test ----------
---------- TC_01_Blank_Data SUCCESS test ----------
]]></system-out>
  <system-err><![CDATA[SLF4J: Failed to load class "org.slf4j.impl.StaticLoggerBinder".
SLF4J: Defaulting to no-operation (NOP) logger implementation
SLF4J: See http://www.slf4j.org/codes.html#StaticLoggerBinder for further details.
Starting ChromeDriver 86.0.4240.22 (398b0743353ff36fb1b82468f63a3a93b4e2e89e-refs/branch-heads/4240@{#378}) on port 31674
Only local connections are allowed.
Please see https://chromedriver.chromium.org/security-considerations for suggestions on keeping ChromeDriver safe.
ChromeDriver was started successfully.
Oct 12, 2020 12:08:31 PM org.openqa.selenium.remote.ProtocolHandshake createSession
INFO: Detected dialect: W3C
]]></system-err>
</testsuite>
